<?xml version="1.0" encoding="UTF-8"?>
<!-- Generated by org.testng.reporters.JUnitReportReporter -->
<testsuite hostname="TYSS-Manojkumar" failures="0" tests="1" name="BankProject.TC_Login_001" time="5.275" errors="0" timestamp="2023-12-05T13:15:42 IST" skipped="0">
  <testcase classname="BankProject.TC_Login_001" name="BankApp_Login" time="5.275"/>
</testsuite> <!-- BankProject.TC_Login_001 -->
