<?xml version="1.0" encoding="UTF-8"?>
<!-- Generated by org.testng.reporters.JUnitReportReporter -->
<testsuite hostname="TYSS-Manojkumar" failures="0" tests="1" name="ZingHR.LoginTOzingHR" time="0.057" errors="0" timestamp="2023-12-07T10:55:25 IST" skipped="0">
  <testcase classname="ZingHR.LoginTOzingHR" name="Login" time="0.057"/>
</testsuite> <!-- ZingHR.LoginTOzingHR -->
