<?xml version="1.0" encoding="UTF-8"?>
<!-- Generated by org.testng.reporters.JUnitReportReporter -->
<testsuite hostname="TYSS-Manojkumar" failures="0" tests="1" name="ZingHR.UserLogin" time="0.060" errors="0" timestamp="2023-12-07T10:57:29 IST" skipped="0">
  <testcase classname="ZingHR.UserLogin" name="User_Login" time="0.060"/>
</testsuite> <!-- ZingHR.UserLogin -->
