<?xml version="1.0" encoding="UTF-8"?>
<!-- Generated by org.testng.reporters.JUnitReportReporter -->
<testsuite hostname="TYSS-Manojkumar" failures="0" tests="1" name="TopSchool.Admin_Login" time="9.969" errors="0" timestamp="2023-12-04T14:53:52 IST" skipped="0">
  <testcase classname="TopSchool.Admin_Login" name="AdminLogin" time="9.969"/>
</testsuite> <!-- TopSchool.Admin_Login -->
